<?xml version="1.0" encoding="UTF-8"?>
<coverage generated="1778123009564" clover="3.2.0">
  <project timestamp="1778123009564" name="All files">
    <metrics statements="164" coveredstatements="163" conditionals="135" coveredconditionals="121" methods="50" coveredmethods="50" elements="349" coveredelements="334" complexity="0" loc="164" ncloc="164" packages="5" files="8" classes="8"/>
    <package name="components.common">
      <metrics statements="8" coveredstatements="8" conditionals="30" coveredconditionals="26" methods="2" coveredmethods="2"/>
      <file name="Button.jsx" path="/Users/adminmacpro/Desktop/Project_CSC/CSC_webDoc/src/components/common/Button.jsx">
        <metrics statements="6" coveredstatements="6" conditionals="27" coveredconditionals="23" methods="1" coveredmethods="1"/>
        <line num="18" count="5" type="cond" truecount="1" falsecount="1"/>
        <line num="23" count="5" type="cond" truecount="2" falsecount="0"/>
        <line num="25" count="5" type="stmt"/>
        <line num="27" count="5" type="stmt"/>
        <line num="33" count="5" type="stmt"/>
        <line num="48" count="5" type="stmt"/>
      </file>
      <file name="ErrorMessage.jsx" path="/Users/adminmacpro/Desktop/Project_CSC/CSC_webDoc/src/components/common/ErrorMessage.jsx">
        <metrics statements="2" coveredstatements="2" conditionals="3" coveredconditionals="3" methods="1" coveredmethods="1"/>
        <line num="8" count="3" type="cond" truecount="2" falsecount="0"/>
        <line num="10" count="1" type="stmt"/>
      </file>
    </package>
    <package name="hooks">
      <metrics statements="97" coveredstatements="96" conditionals="49" coveredconditionals="47" methods="22" coveredmethods="22"/>
      <file name="useFormModal.js" path="/Users/adminmacpro/Desktop/Project_CSC/CSC_webDoc/src/hooks/useFormModal.js">
        <metrics statements="57" coveredstatements="56" conditionals="41" coveredconditionals="39" methods="16" coveredmethods="16"/>
        <line num="5" count="51" type="cond" truecount="8" falsecount="1"/>
        <line num="7" count="27" type="stmt"/>
        <line num="9" count="2" type="stmt"/>
        <line num="14" count="7" type="stmt"/>
        <line num="19" count="5" type="stmt"/>
        <line num="25" count="4" type="stmt"/>
        <line num="27" count="2" type="stmt"/>
        <line num="29" count="3" type="stmt"/>
        <line num="31" count="1" type="stmt"/>
        <line num="33" count="0" type="stmt"/>
        <line num="56" count="92" type="stmt"/>
        <line num="62" count="92" type="stmt"/>
        <line num="65" count="92" type="stmt"/>
        <line num="68" count="92" type="stmt"/>
        <line num="74" count="92" type="stmt"/>
        <line num="75" count="92" type="stmt"/>
        <line num="78" count="92" type="stmt"/>
        <line num="79" count="92" type="stmt"/>
        <line num="80" count="30" type="cond" truecount="4" falsecount="0"/>
        <line num="81" count="27" type="stmt"/>
        <line num="86" count="30" type="stmt"/>
        <line num="89" count="92" type="stmt"/>
        <line num="90" count="92" type="stmt"/>
        <line num="92" count="92" type="stmt"/>
        <line num="93" count="5" type="stmt"/>
        <line num="94" count="5" type="cond" truecount="2" falsecount="0"/>
        <line num="95" count="5" type="cond" truecount="2" falsecount="0"/>
        <line num="96" count="5" type="stmt"/>
        <line num="101" count="92" type="stmt"/>
        <line num="103" count="6" type="stmt"/>
        <line num="104" count="6" type="cond" truecount="2" falsecount="0"/>
        <line num="105" count="6" type="cond" truecount="2" falsecount="0"/>
        <line num="106" count="2" type="stmt"/>
        <line num="107" count="2" type="stmt"/>
        <line num="109" count="4" type="stmt"/>
        <line num="115" count="92" type="stmt"/>
        <line num="116" count="4" type="stmt"/>
        <line num="117" count="4" type="stmt"/>
        <line num="118" count="4" type="cond" truecount="2" falsecount="0"/>
        <line num="119" count="4" type="stmt"/>
        <line num="120" count="3" type="stmt"/>
        <line num="122" count="1" type="stmt"/>
        <line num="123" count="1" type="stmt"/>
        <line num="124" count="1" type="cond" truecount="1" falsecount="1"/>
        <line num="129" count="92" type="stmt"/>
        <line num="130" count="1" type="stmt"/>
        <line num="133" count="92" type="stmt"/>
        <line num="134" count="4" type="stmt"/>
        <line num="135" count="4" type="stmt"/>
        <line num="136" count="3" type="stmt"/>
        <line num="137" count="3" type="stmt"/>
        <line num="138" count="3" type="stmt"/>
        <line num="142" count="92" type="stmt"/>
        <line num="143" count="1" type="stmt"/>
        <line num="144" count="1" type="stmt"/>
        <line num="147" count="92" type="cond" truecount="2" falsecount="0"/>
        <line num="149" count="92" type="stmt"/>
      </file>
      <file name="useLogin.js" path="/Users/adminmacpro/Desktop/Project_CSC/CSC_webDoc/src/hooks/useLogin.js">
        <metrics statements="40" coveredstatements="40" conditionals="8" coveredconditionals="8" methods="6" coveredmethods="6"/>
        <line num="26" count="25" type="stmt"/>
        <line num="27" count="25" type="stmt"/>
        <line num="28" count="25" type="stmt"/>
        <line num="30" count="25" type="stmt"/>
        <line num="31" count="25" type="stmt"/>
        <line num="32" count="25" type="stmt"/>
        <line num="38" count="25" type="stmt"/>
        <line num="41" count="77" type="stmt"/>
        <line num="44" count="25" type="stmt"/>
        <line num="45" count="13" type="stmt"/>
        <line num="48" count="25" type="stmt"/>
        <line num="49" count="13" type="stmt"/>
        <line num="53" count="25" type="stmt"/>
        <line num="54" count="2" type="cond" truecount="2" falsecount="0"/>
        <line num="55" count="1" type="stmt"/>
        <line num="56" count="1" type="stmt"/>
        <line num="60" count="25" type="stmt"/>
        <line num="61" count="5" type="stmt"/>
        <line num="62" count="5" type="stmt"/>
        <line num="65" count="5" type="stmt"/>
        <line num="66" count="5" type="stmt"/>
        <line num="68" count="5" type="cond" truecount="2" falsecount="0"/>
        <line num="69" count="2" type="stmt"/>
        <line num="70" count="2" type="stmt"/>
        <line num="73" count="5" type="cond" truecount="2" falsecount="0"/>
        <line num="74" count="1" type="stmt"/>
        <line num="75" count="1" type="stmt"/>
        <line num="78" count="5" type="cond" truecount="2" falsecount="0"/>
        <line num="79" count="2" type="stmt"/>
        <line num="80" count="2" type="stmt"/>
        <line num="83" count="3" type="stmt"/>
        <line num="84" count="3" type="stmt"/>
        <line num="87" count="3" type="stmt"/>
        <line num="93" count="2" type="stmt"/>
        <line num="96" count="2" type="stmt"/>
        <line num="98" count="1" type="stmt"/>
        <line num="99" count="1" type="stmt"/>
        <line num="100" count="1" type="stmt"/>
        <line num="102" count="3" type="stmt"/>
        <line num="106" count="25" type="stmt"/>
      </file>
    </package>
    <package name="services">
      <metrics statements="26" coveredstatements="26" conditionals="40" coveredconditionals="32" methods="6" coveredmethods="6"/>
      <file name="createCrudService.js" path="/Users/adminmacpro/Desktop/Project_CSC/CSC_webDoc/src/services/createCrudService.js">
        <metrics statements="26" coveredstatements="26" conditionals="40" coveredconditionals="32" methods="6" coveredmethods="6"/>
        <line num="15" count="14" type="stmt"/>
        <line num="16" count="3" type="cond" truecount="1" falsecount="2"/>
        <line num="17" count="3" type="cond" truecount="3" falsecount="1"/>
        <line num="18" count="3" type="cond" truecount="2" falsecount="0"/>
        <line num="19" count="3" type="cond" truecount="1" falsecount="1"/>
        <line num="20" count="3" type="stmt"/>
        <line num="27" count="14" type="cond" truecount="2" falsecount="0"/>
        <line num="30" count="6" type="stmt"/>
        <line num="31" count="6" type="cond" truecount="2" falsecount="0"/>
        <line num="32" count="2" type="cond" truecount="2" falsecount="0"/>
        <line num="34" count="4" type="stmt"/>
        <line num="38" count="3" type="cond" truecount="2" falsecount="0"/>
        <line num="39" count="3" type="stmt"/>
        <line num="40" count="3" type="cond" truecount="2" falsecount="0"/>
        <line num="41" count="1" type="cond" truecount="1" falsecount="1"/>
        <line num="43" count="2" type="stmt"/>
        <line num="47" count="3" type="cond" truecount="2" falsecount="0"/>
        <line num="48" count="3" type="stmt"/>
        <line num="49" count="3" type="cond" truecount="2" falsecount="0"/>
        <line num="50" count="1" type="cond" truecount="1" falsecount="1"/>
        <line num="52" count="2" type="stmt"/>
        <line num="56" count="2" type="stmt"/>
        <line num="59" count="2" type="cond" truecount="2" falsecount="0"/>
        <line num="60" count="1" type="cond" truecount="1" falsecount="1"/>
        <line num="62" count="1" type="stmt"/>
        <line num="65" count="14" type="stmt"/>
      </file>
    </package>
    <package name="store">
      <metrics statements="23" coveredstatements="23" conditionals="7" coveredconditionals="7" methods="15" coveredmethods="15"/>
      <file name="authstore.js" path="/Users/adminmacpro/Desktop/Project_CSC/CSC_webDoc/src/store/authstore.js">
        <metrics statements="9" coveredstatements="9" conditionals="4" coveredconditionals="4" methods="5" coveredmethods="5"/>
        <line num="10" count="2" type="stmt"/>
        <line num="13" count="2" type="stmt"/>
        <line num="17" count="3" type="stmt"/>
        <line num="20" count="9" type="cond" truecount="2" falsecount="0"/>
        <line num="21" count="1" type="stmt"/>
        <line num="24" count="8" type="stmt"/>
        <line num="25" count="8" type="stmt"/>
        <line num="31" count="2" type="stmt"/>
        <line num="35" count="31" type="stmt"/>
      </file>
      <file name="toastStore.js" path="/Users/adminmacpro/Desktop/Project_CSC/CSC_webDoc/src/store/toastStore.js">
        <metrics statements="14" coveredstatements="14" conditionals="3" coveredconditionals="3" methods="10" coveredmethods="10"/>
        <line num="19" count="2" type="stmt"/>
        <line num="20" count="2" type="stmt"/>
        <line num="22" count="2" type="stmt"/>
        <line num="25" count="9" type="stmt"/>
        <line num="26" count="9" type="stmt"/>
        <line num="27" count="9" type="stmt"/>
        <line num="28" count="9" type="stmt"/>
        <line num="31" count="3" type="stmt"/>
        <line num="32" count="3" type="cond" truecount="2" falsecount="0"/>
        <line num="33" count="3" type="stmt"/>
        <line num="38" count="2" type="stmt"/>
        <line num="39" count="1" type="stmt"/>
        <line num="40" count="2" type="stmt"/>
        <line num="41" count="1" type="stmt"/>
      </file>
    </package>
    <package name="utils">
      <metrics statements="10" coveredstatements="10" conditionals="9" coveredconditionals="9" methods="5" coveredmethods="5"/>
      <file name="validation.js" path="/Users/adminmacpro/Desktop/Project_CSC/CSC_webDoc/src/utils/validation.js">
        <metrics statements="10" coveredstatements="10" conditionals="9" coveredconditionals="9" methods="5" coveredmethods="5"/>
        <line num="11" count="12" type="stmt"/>
        <line num="21" count="21" type="stmt"/>
        <line num="36" count="30" type="stmt"/>
        <line num="38" count="30" type="stmt"/>
        <line num="39" count="15" type="stmt"/>
        <line num="42" count="15" type="cond" truecount="2" falsecount="0"/>
        <line num="43" count="7" type="stmt"/>
        <line num="47" count="15" type="cond" truecount="2" falsecount="0"/>
        <line num="48" count="12" type="stmt"/>
        <line num="60" count="3" type="cond" truecount="2" falsecount="0"/>
      </file>
    </package>
  </project>
</coverage>
