{"/Users/adminmacpro/Desktop/Project_CSC/CSC_webDoc/src/components/common/Button.jsx": {"path":"/Users/adminmacpro/Desktop/Project_CSC/CSC_webDoc/src/components/common/Button.jsx","statementMap":{"0":{"start":{"line":18,"column":24},"end":{"line":22,"column":null}},"1":{"start":{"line":23,"column":21},"end":{"line":23,"column":null}},"2":{"start":{"line":25,"column":22},"end":{"line":25,"column":null}},"3":{"start":{"line":27,"column":22},"end":{"line":31,"column":null}},"4":{"start":{"line":33,"column":25},"end":{"line":46,"column":null}},"5":{"start":{"line":48,"column":2},"end":{"line":60,"column":null}}},"fnMap":{"0":{"name":"Button","decl":{"start":{"line":3,"column":9},"end":{"line":3,"column":16}},"loc":{"start":{"line":17,"column":3},"end":{"line":62,"column":null}},"line":17}},"branchMap":{"0":{"loc":{"start":{"line":5,"column":2},"end":{"line":5,"column":null}},"type":"default-arg","locations":[{"start":{"line":5,"column":12},"end":{"line":5,"column":null}}],"line":5},"1":{"loc":{"start":{"line":6,"column":2},"end":{"line":6,"column":null}},"type":"default-arg","locations":[{"start":{"line":6,"column":13},"end":{"line":6,"column":null}}],"line":6},"2":{"loc":{"start":{"line":8,"column":2},"end":{"line":8,"column":null}},"type":"default-arg","locations":[{"start":{"line":8,"column":9},"end":{"line":8,"column":null}}],"line":8},"3":{"loc":{"start":{"line":9,"column":2},"end":{"line":9,"column":null}},"type":"default-arg","locations":[{"start":{"line":9,"column":12},"end":{"line":9,"column":null}}],"line":9},"4":{"loc":{"start":{"line":10,"column":2},"end":{"line":10,"column":null}},"type":"default-arg","locations":[{"start":{"line":10,"column":9},"end":{"line":10,"column":null}}],"line":10},"5":{"loc":{"start":{"line":11,"column":2},"end":{"line":11,"column":null}},"type":"default-arg","locations":[{"start":{"line":11,"column":14},"end":{"line":11,"column":null}}],"line":11},"6":{"loc":{"start":{"line":12,"column":2},"end":{"line":12,"column":null}},"type":"default-arg","locations":[{"start":{"line":12,"column":14},"end":{"line":12,"column":null}}],"line":12},"7":{"loc":{"start":{"line":13,"column":2},"end":{"line":13,"column":null}},"type":"default-arg","locations":[{"start":{"line":13,"column":13},"end":{"line":13,"column":null}}],"line":13},"8":{"loc":{"start":{"line":14,"column":2},"end":{"line":14,"column":null}},"type":"default-arg","locations":[{"start":{"line":14,"column":14},"end":{"line":14,"column":null}}],"line":14},"9":{"loc":{"start":{"line":18,"column":24},"end":{"line":22,"column":null}},"type":"cond-expr","locations":[{"start":{"line":19,"column":6},"end":{"line":21,"column":null}},{"start":{"line":22,"column":6},"end":{"line":22,"column":null}}],"line":18},"10":{"loc":{"start":{"line":23,"column":21},"end":{"line":23,"column":null}},"type":"binary-expr","locations":[{"start":{"line":23,"column":21},"end":{"line":23,"column":32}},{"start":{"line":23,"column":32},"end":{"line":23,"column":null}}],"line":23},"11":{"loc":{"start":{"line":34,"column":13},"end":{"line":36,"column":null}},"type":"cond-expr","locations":[{"start":{"line":35,"column":8},"end":{"line":35,"column":null}},{"start":{"line":36,"column":8},"end":{"line":36,"column":null}}],"line":34},"12":{"loc":{"start":{"line":37,"column":15},"end":{"line":39,"column":null}},"type":"cond-expr","locations":[{"start":{"line":38,"column":8},"end":{"line":38,"column":null}},{"start":{"line":39,"column":8},"end":{"line":39,"column":null}}],"line":37},"13":{"loc":{"start":{"line":40,"column":13},"end":{"line":42,"column":null}},"type":"cond-expr","locations":[{"start":{"line":41,"column":8},"end":{"line":41,"column":null}},{"start":{"line":42,"column":8},"end":{"line":42,"column":null}}],"line":40},"14":{"loc":{"start":{"line":43,"column":11},"end":{"line":45,"column":null}},"type":"cond-expr","locations":[{"start":{"line":44,"column":8},"end":{"line":44,"column":null}},{"start":{"line":45,"column":8},"end":{"line":45,"column":null}}],"line":43},"15":{"loc":{"start":{"line":54,"column":20},"end":{"line":54,"column":45}},"type":"cond-expr","locations":[{"start":{"line":54,"column":32},"end":{"line":54,"column":43}},{"start":{"line":54,"column":43},"end":{"line":54,"column":45}}],"line":54},"16":{"loc":{"start":{"line":55,"column":8},"end":{"line":55,"column":null}},"type":"binary-expr","locations":[{"start":{"line":55,"column":8},"end":{"line":55,"column":29}},{"start":{"line":55,"column":29},"end":{"line":55,"column":null}}],"line":55},"17":{"loc":{"start":{"line":56,"column":10},"end":{"line":56,"column":59}},"type":"binary-expr","locations":[{"start":{"line":56,"column":10},"end":{"line":56,"column":37}},{"start":{"line":56,"column":37},"end":{"line":56,"column":59}}],"line":56}},"s":{"0":5,"1":5,"2":5,"3":5,"4":5,"5":5},"f":{"0":5},"b":{"0":[5],"1":[5],"2":[5],"3":[5],"4":[5],"5":[5],"6":[5],"7":[5],"8":[5],"9":[0,5],"10":[5,4],"11":[2,3],"12":[2,3],"13":[2,3],"14":[2,3],"15":[5,0],"16":[5,0],"17":[5,0]},"meta":{"lastBranch":18,"lastFunction":1,"lastStatement":6,"seen":{"f:3:9:3:16":0,"b:5:12:5:Infinity":0,"b:6:13:6:Infinity":1,"b:8:9:8:Infinity":2,"b:9:12:9:Infinity":3,"b:10:9:10:Infinity":4,"b:11:14:11:Infinity":5,"b:12:14:12:Infinity":6,"b:13:13:13:Infinity":7,"b:14:14:14:Infinity":8,"s:18:24:22:Infinity":0,"b:19:6:21:Infinity:22:6:22:Infinity":9,"s:23:21:23:Infinity":1,"b:23:21:23:32:23:32:23:Infinity":10,"s:25:22:25:Infinity":2,"s:27:22:31:Infinity":3,"s:33:25:46:Infinity":4,"b:35:8:35:Infinity:36:8:36:Infinity":11,"b:38:8:38:Infinity:39:8:39:Infinity":12,"b:41:8:41:Infinity:42:8:42:Infinity":13,"b:44:8:44:Infinity:45:8:45:Infinity":14,"s:48:2:60:Infinity":5,"b:54:32:54:43:54:43:54:45":15,"b:55:8:55:29:55:29:55:Infinity":16,"b:56:10:56:37:56:37:56:59":17}}}
,"/Users/adminmacpro/Desktop/Project_CSC/CSC_webDoc/src/components/common/ErrorMessage.jsx": {"path":"/Users/adminmacpro/Desktop/Project_CSC/CSC_webDoc/src/components/common/ErrorMessage.jsx","statementMap":{"0":{"start":{"line":8,"column":2},"end":{"line":8,"column":null}},"1":{"start":{"line":8,"column":16},"end":{"line":8,"column":null}},"2":{"start":{"line":10,"column":2},"end":{"line":13,"column":null}}},"fnMap":{"0":{"name":"ErrorMessage","decl":{"start":{"line":7,"column":24},"end":{"line":7,"column":37}},"loc":{"start":{"line":7,"column":66},"end":{"line":15,"column":null}},"line":7}},"branchMap":{"0":{"loc":{"start":{"line":7,"column":48},"end":{"line":7,"column":63}},"type":"default-arg","locations":[{"start":{"line":7,"column":60},"end":{"line":7,"column":63}}],"line":7},"1":{"loc":{"start":{"line":8,"column":2},"end":{"line":8,"column":null}},"type":"if","locations":[{"start":{"line":8,"column":2},"end":{"line":8,"column":null}},{"start":{},"end":{}}],"line":8}},"s":{"0":3,"1":2,"2":1},"f":{"0":3},"b":{"0":[3],"1":[2,1]},"meta":{"lastBranch":2,"lastFunction":1,"lastStatement":3,"seen":{"f:7:24:7:37":0,"b:7:60:7:63":0,"b:8:2:8:Infinity:undefined:undefined:undefined:undefined":1,"s:8:2:8:Infinity":0,"s:8:16:8:Infinity":1,"s:10:2:13:Infinity":2}}}
,"/Users/adminmacpro/Desktop/Project_CSC/CSC_webDoc/src/hooks/useFormModal.js": {"path":"/Users/adminmacpro/Desktop/Project_CSC/CSC_webDoc/src/hooks/useFormModal.js","statementMap":{"0":{"start":{"line":5,"column":2},"end":{"line":34,"column":null}},"1":{"start":{"line":7,"column":6},"end":{"line":7,"column":null}},"2":{"start":{"line":9,"column":6},"end":{"line":12,"column":null}},"3":{"start":{"line":14,"column":6},"end":{"line":17,"column":null}},"4":{"start":{"line":19,"column":6},"end":{"line":23,"column":null}},"5":{"start":{"line":25,"column":6},"end":{"line":25,"column":null}},"6":{"start":{"line":27,"column":6},"end":{"line":27,"column":null}},"7":{"start":{"line":29,"column":6},"end":{"line":29,"column":null}},"8":{"start":{"line":31,"column":6},"end":{"line":31,"column":null}},"9":{"start":{"line":33,"column":6},"end":{"line":33,"column":null}},"10":{"start":{"line":56,"column":65},"end":{"line":61,"column":4}},"11":{"start":{"line":62,"column":35},"end":{"line":62,"column":51}},"12":{"start":{"line":65,"column":38},"end":{"line":65,"column":54}},"13":{"start":{"line":68,"column":23},"end":{"line":71,"column":3}},"14":{"start":{"line":74,"column":23},"end":{"line":74,"column":36}},"15":{"start":{"line":75,"column":1},"end":{"line":75,"column":null}},"16":{"start":{"line":75,"column":18},"end":{"line":75,"column":59}},"17":{"start":{"line":75,"column":24},"end":{"line":75,"column":59}},"18":{"start":{"line":78,"column":21},"end":{"line":78,"column":35}},"19":{"start":{"line":79,"column":1},"end":{"line":87,"column":15}},"20":{"start":{"line":80,"column":4},"end":{"line":85,"column":null}},"21":{"start":{"line":81,"column":6},"end":{"line":84,"column":null}},"22":{"start":{"line":86,"column":4},"end":{"line":86,"column":null}},"23":{"start":{"line":89,"column":21},"end":{"line":89,"column":96}},"24":{"start":{"line":89,"column":47},"end":{"line":89,"column":91}},"25":{"start":{"line":90,"column":19},"end":{"line":90,"column":91}},"26":{"start":{"line":90,"column":45},"end":{"line":90,"column":86}},"27":{"start":{"line":92,"column":22},"end":{"line":99,"column":3}},"28":{"start":{"line":93,"column":23},"end":{"line":97,"column":5}},"29":{"start":{"line":94,"column":18},"end":{"line":94,"column":48}},"30":{"start":{"line":95,"column":6},"end":{"line":95,"column":null}},"31":{"start":{"line":95,"column":18},"end":{"line":95,"column":null}},"32":{"start":{"line":96,"column":6},"end":{"line":96,"column":null}},"33":{"start":{"line":101,"column":22},"end":{"line":112,"column":3}},"34":{"start":{"line":103,"column":6},"end":{"line":103,"column":null}},"35":{"start":{"line":104,"column":24},"end":{"line":104,"column":58}},"36":{"start":{"line":105,"column":6},"end":{"line":108,"column":null}},"37":{"start":{"line":106,"column":8},"end":{"line":106,"column":null}},"38":{"start":{"line":107,"column":8},"end":{"line":107,"column":null}},"39":{"start":{"line":109,"column":6},"end":{"line":109,"column":null}},"40":{"start":{"line":115,"column":29},"end":{"line":127,"column":41}},"41":{"start":{"line":116,"column":4},"end":{"line":126,"column":null}},"42":{"start":{"line":117,"column":6},"end":{"line":125,"column":null}},"43":{"start":{"line":118,"column":24},"end":{"line":118,"column":74}},"44":{"start":{"line":119,"column":8},"end":{"line":119,"column":null}},"45":{"start":{"line":120,"column":8},"end":{"line":120,"column":null}},"46":{"start":{"line":122,"column":8},"end":{"line":122,"column":null}},"47":{"start":{"line":123,"column":8},"end":{"line":123,"column":null}},"48":{"start":{"line":124,"column":8},"end":{"line":124,"column":null}},"49":{"start":{"line":129,"column":28},"end":{"line":131,"column":8}},"50":{"start":{"line":130,"column":4},"end":{"line":130,"column":null}},"51":{"start":{"line":133,"column":21},"end":{"line":140,"column":15}},"52":{"start":{"line":134,"column":4},"end":{"line":134,"column":null}},"53":{"start":{"line":135,"column":4},"end":{"line":139,"column":null}},"54":{"start":{"line":136,"column":6},"end":{"line":136,"column":null}},"55":{"start":{"line":137,"column":6},"end":{"line":137,"column":null}},"56":{"start":{"line":138,"column":6},"end":{"line":138,"column":null}},"57":{"start":{"line":142,"column":27},"end":{"line":145,"column":19}},"58":{"start":{"line":143,"column":4},"end":{"line":143,"column":null}},"59":{"start":{"line":144,"column":4},"end":{"line":144,"column":null}},"60":{"start":{"line":147,"column":23},"end":{"line":147,"column":42}},"61":{"start":{"line":149,"column":2},"end":{"line":163,"column":null}}},"fnMap":{"0":{"name":"formReducer","decl":{"start":{"line":4,"column":9},"end":{"line":4,"column":20}},"loc":{"start":{"line":4,"column":36},"end":{"line":35,"column":null}},"line":4},"1":{"name":"useFormModal","decl":{"start":{"line":48,"column":24},"end":{"line":48,"column":36}},"loc":{"start":{"line":55,"column":3},"end":{"line":164,"column":null}},"line":55},"2":{"name":"(anonymous_2)","decl":{"start":{"line":75,"column":12},"end":{"line":75,"column":13}},"loc":{"start":{"line":75,"column":18},"end":{"line":75,"column":59}},"line":75},"3":{"name":"(anonymous_3)","decl":{"start":{"line":75,"column":18},"end":{"line":75,"column":19}},"loc":{"start":{"line":75,"column":24},"end":{"line":75,"column":59}},"line":75},"4":{"name":"(anonymous_4)","decl":{"start":{"line":79,"column":12},"end":{"line":79,"column":13}},"loc":{"start":{"line":79,"column":18},"end":{"line":87,"column":3}},"line":79},"5":{"name":"(anonymous_5)","decl":{"start":{"line":89,"column":34},"end":{"line":89,"column":35}},"loc":{"start":{"line":89,"column":47},"end":{"line":89,"column":91}},"line":89},"6":{"name":"(anonymous_6)","decl":{"start":{"line":90,"column":32},"end":{"line":90,"column":33}},"loc":{"start":{"line":90,"column":45},"end":{"line":90,"column":86}},"line":90},"7":{"name":"(anonymous_7)","decl":{"start":{"line":93,"column":4},"end":{"line":93,"column":5}},"loc":{"start":{"line":93,"column":23},"end":{"line":97,"column":5}},"line":93},"8":{"name":"(anonymous_8)","decl":{"start":{"line":93,"column":23},"end":{"line":93,"column":24}},"loc":{"start":{"line":93,"column":30},"end":{"line":97,"column":5}},"line":93},"9":{"name":"(anonymous_9)","decl":{"start":{"line":102,"column":4},"end":{"line":102,"column":5}},"loc":{"start":{"line":102,"column":11},"end":{"line":110,"column":5}},"line":102},"10":{"name":"(anonymous_10)","decl":{"start":{"line":115,"column":42},"end":{"line":115,"column":43}},"loc":{"start":{"line":115,"column":48},"end":{"line":127,"column":3}},"line":115},"11":{"name":"(anonymous_11)","decl":{"start":{"line":116,"column":20},"end":{"line":116,"column":25}},"loc":{"start":{"line":116,"column":32},"end":{"line":126,"column":5}},"line":116},"12":{"name":"(anonymous_12)","decl":{"start":{"line":129,"column":41},"end":{"line":129,"column":42}},"loc":{"start":{"line":129,"column":47},"end":{"line":131,"column":3}},"line":129},"13":{"name":"(anonymous_13)","decl":{"start":{"line":133,"column":34},"end":{"line":133,"column":35}},"loc":{"start":{"line":133,"column":40},"end":{"line":140,"column":3}},"line":133},"14":{"name":"(anonymous_14)","decl":{"start":{"line":135,"column":39},"end":{"line":135,"column":40}},"loc":{"start":{"line":135,"column":45},"end":{"line":139,"column":5}},"line":135},"15":{"name":"(anonymous_15)","decl":{"start":{"line":142,"column":40},"end":{"line":142,"column":41}},"loc":{"start":{"line":142,"column":46},"end":{"line":145,"column":3}},"line":142}},"branchMap":{"0":{"loc":{"start":{"line":5,"column":2},"end":{"line":34,"column":null}},"type":"switch","locations":[{"start":{"line":6,"column":4},"end":{"line":7,"column":null}},{"start":{"line":8,"column":4},"end":{"line":12,"column":null}},{"start":{"line":13,"column":4},"end":{"line":17,"column":null}},{"start":{"line":18,"column":4},"end":{"line":23,"column":null}},{"start":{"line":24,"column":4},"end":{"line":25,"column":null}},{"start":{"line":26,"column":4},"end":{"line":27,"column":null}},{"start":{"line":28,"column":4},"end":{"line":29,"column":null}},{"start":{"line":30,"column":4},"end":{"line":31,"column":null}},{"start":{"line":32,"column":4},"end":{"line":33,"column":null}}],"line":5},"1":{"loc":{"start":{"line":11,"column":18},"end":{"line":11,"column":104}},"type":"cond-expr","locations":[{"start":{"line":11,"column":57},"end":{"line":11,"column":87}},{"start":{"line":11,"column":90},"end":{"line":11,"column":104}}],"line":11},"2":{"loc":{"start":{"line":16,"column":16},"end":{"line":16,"column":100}},"type":"cond-expr","locations":[{"start":{"line":16,"column":55},"end":{"line":16,"column":83}},{"start":{"line":16,"column":86},"end":{"line":16,"column":100}}],"line":16},"3":{"loc":{"start":{"line":22,"column":16},"end":{"line":22,"column":99}},"type":"cond-expr","locations":[{"start":{"line":22,"column":45},"end":{"line":22,"column":84}},{"start":{"line":22,"column":87},"end":{"line":22,"column":99}}],"line":22},"4":{"loc":{"start":{"line":57,"column":14},"end":{"line":57,"column":77}},"type":"cond-expr","locations":[{"start":{"line":57,"column":50},"end":{"line":57,"column":63}},{"start":{"line":57,"column":66},"end":{"line":57,"column":77}}],"line":57},"5":{"loc":{"start":{"line":70,"column":12},"end":{"line":70,"column":69}},"type":"cond-expr","locations":[{"start":{"line":70,"column":24},"end":{"line":70,"column":33}},{"start":{"line":70,"column":36},"end":{"line":70,"column":69}}],"line":70},"6":{"loc":{"start":{"line":70,"column":36},"end":{"line":70,"column":69}},"type":"cond-expr","locations":[{"start":{"line":70,"column":48},"end":{"line":70,"column":57}},{"start":{"line":70,"column":60},"end":{"line":70,"column":69}}],"line":70},"7":{"loc":{"start":{"line":80,"column":4},"end":{"line":85,"column":null}},"type":"if","locations":[{"start":{"line":80,"column":4},"end":{"line":85,"column":null}},{"start":{},"end":{}}],"line":80},"8":{"loc":{"start":{"line":80,"column":8},"end":{"line":80,"column":38}},"type":"binary-expr","locations":[{"start":{"line":80,"column":8},"end":{"line":80,"column":14}},{"start":{"line":80,"column":18},"end":{"line":80,"column":38}}],"line":80},"9":{"loc":{"start":{"line":83,"column":17},"end":{"line":83,"column":80}},"type":"cond-expr","locations":[{"start":{"line":83,"column":53},"end":{"line":83,"column":66}},{"start":{"line":83,"column":69},"end":{"line":83,"column":80}}],"line":83},"10":{"loc":{"start":{"line":94,"column":18},"end":{"line":94,"column":48}},"type":"cond-expr","locations":[{"start":{"line":94,"column":30},"end":{"line":94,"column":44}},{"start":{"line":94,"column":47},"end":{"line":94,"column":48}}],"line":94},"11":{"loc":{"start":{"line":95,"column":6},"end":{"line":95,"column":null}},"type":"if","locations":[{"start":{"line":95,"column":6},"end":{"line":95,"column":null}},{"start":{},"end":{}}],"line":95},"12":{"loc":{"start":{"line":104,"column":24},"end":{"line":104,"column":58}},"type":"cond-expr","locations":[{"start":{"line":104,"column":35},"end":{"line":104,"column":53}},{"start":{"line":104,"column":56},"end":{"line":104,"column":58}}],"line":104},"13":{"loc":{"start":{"line":105,"column":6},"end":{"line":108,"column":null}},"type":"if","locations":[{"start":{"line":105,"column":6},"end":{"line":108,"column":null}},{"start":{},"end":{}}],"line":105},"14":{"loc":{"start":{"line":118,"column":24},"end":{"line":118,"column":74}},"type":"cond-expr","locations":[{"start":{"line":118,"column":40},"end":{"line":118,"column":63}},{"start":{"line":118,"column":66},"end":{"line":118,"column":74}}],"line":118},"15":{"loc":{"start":{"line":124,"column":20},"end":{"line":124,"column":69}},"type":"binary-expr","locations":[{"start":{"line":124,"column":20},"end":{"line":124,"column":33}},{"start":{"line":124,"column":37},"end":{"line":124,"column":69}}],"line":124},"16":{"loc":{"start":{"line":147,"column":23},"end":{"line":147,"column":42}},"type":"binary-expr","locations":[{"start":{"line":147,"column":23},"end":{"line":147,"column":29}},{"start":{"line":147,"column":33},"end":{"line":147,"column":42}}],"line":147}},"s":{"0":51,"1":27,"2":2,"3":7,"4":5,"5":4,"6":2,"7":3,"8":1,"9":0,"10":92,"11":92,"12":92,"13":92,"14":92,"15":92,"16":27,"17":27,"18":92,"19":92,"20":30,"21":27,"22":30,"23":92,"24":2,"25":92,"26":2,"27":92,"28":5,"29":5,"30":5,"31":1,"32":5,"33":92,"34":6,"35":6,"36":6,"37":2,"38":2,"39":4,"40":92,"41":4,"42":4,"43":4,"44":4,"45":3,"46":1,"47":1,"48":1,"49":92,"50":1,"51":92,"52":4,"53":4,"54":3,"55":3,"56":3,"57":92,"58":1,"59":1,"60":92,"61":92},"f":{"0":51,"1":92,"2":27,"3":27,"4":30,"5":2,"6":2,"7":5,"8":5,"9":6,"10":4,"11":4,"12":1,"13":4,"14":3,"15":1},"b":{"0":[27,2,7,5,4,2,3,1,0],"1":[1,1],"2":[1,6],"3":[1,4],"4":[2,90],"5":[8,84],"6":[3,81],"7":[27,3],"8":[30,27],"9":[1,26],"10":[4,1],"11":[1,4],"12":[3,3],"13":[2,4],"14":[1,3],"15":[1,0],"16":[92,4]},"meta":{"lastBranch":17,"lastFunction":16,"lastStatement":62,"seen":{"f:4:9:4:20":0,"b:6:4:7:Infinity:8:4:12:Infinity:13:4:17:Infinity:18:4:23:Infinity:24:4:25:Infinity:26:4:27:Infinity:28:4:29:Infinity:30:4:31:Infinity:32:4:33:Infinity":0,"s:5:2:34:Infinity":0,"s:7:6:7:Infinity":1,"s:9:6:12:Infinity":2,"b:11:57:11:87:11:90:11:104":1,"s:14:6:17:Infinity":3,"b:16:55:16:83:16:86:16:100":2,"s:19:6:23:Infinity":4,"b:22:45:22:84:22:87:22:99":3,"s:25:6:25:Infinity":5,"s:27:6:27:Infinity":6,"s:29:6:29:Infinity":7,"s:31:6:31:Infinity":8,"s:33:6:33:Infinity":9,"f:48:24:48:36":1,"s:56:65:61:4":10,"b:57:50:57:63:57:66:57:77":4,"s:62:35:62:51":11,"s:65:38:65:54":12,"s:68:23:71:3":13,"b:70:24:70:33:70:36:70:69":5,"b:70:48:70:57:70:60:70:69":6,"s:74:23:74:36":14,"s:75:1:75:Infinity":15,"f:75:12:75:13":2,"s:75:18:75:59":16,"f:75:18:75:19":3,"s:75:24:75:59":17,"s:78:21:78:35":18,"s:79:1:87:15":19,"f:79:12:79:13":4,"b:80:4:85:Infinity:undefined:undefined:undefined:undefined":7,"s:80:4:85:Infinity":20,"b:80:8:80:14:80:18:80:38":8,"s:81:6:84:Infinity":21,"b:83:53:83:66:83:69:83:80":9,"s:86:4:86:Infinity":22,"s:89:21:89:96":23,"f:89:34:89:35":5,"s:89:47:89:91":24,"s:90:19:90:91":25,"f:90:32:90:33":6,"s:90:45:90:86":26,"s:92:22:99:3":27,"f:93:4:93:5":7,"s:93:23:97:5":28,"f:93:23:93:24":8,"s:94:18:94:48":29,"b:94:30:94:44:94:47:94:48":10,"b:95:6:95:Infinity:undefined:undefined:undefined:undefined":11,"s:95:6:95:Infinity":30,"s:95:18:95:Infinity":31,"s:96:6:96:Infinity":32,"s:101:22:112:3":33,"f:102:4:102:5":9,"s:103:6:103:Infinity":34,"s:104:24:104:58":35,"b:104:35:104:53:104:56:104:58":12,"b:105:6:108:Infinity:undefined:undefined:undefined:undefined":13,"s:105:6:108:Infinity":36,"s:106:8:106:Infinity":37,"s:107:8:107:Infinity":38,"s:109:6:109:Infinity":39,"s:115:29:127:41":40,"f:115:42:115:43":10,"s:116:4:126:Infinity":41,"f:116:20:116:25":11,"s:117:6:125:Infinity":42,"s:118:24:118:74":43,"b:118:40:118:63:118:66:118:74":14,"s:119:8:119:Infinity":44,"s:120:8:120:Infinity":45,"s:122:8:122:Infinity":46,"s:123:8:123:Infinity":47,"s:124:8:124:Infinity":48,"b:124:20:124:33:124:37:124:69":15,"s:129:28:131:8":49,"f:129:41:129:42":12,"s:130:4:130:Infinity":50,"s:133:21:140:15":51,"f:133:34:133:35":13,"s:134:4:134:Infinity":52,"s:135:4:139:Infinity":53,"f:135:39:135:40":14,"s:136:6:136:Infinity":54,"s:137:6:137:Infinity":55,"s:138:6:138:Infinity":56,"s:142:27:145:19":57,"f:142:40:142:41":15,"s:143:4:143:Infinity":58,"s:144:4:144:Infinity":59,"s:147:23:147:42":60,"b:147:23:147:29:147:33:147:42":16,"s:149:2:163:Infinity":61}}}
,"/Users/adminmacpro/Desktop/Project_CSC/CSC_webDoc/src/hooks/useLogin.js": {"path":"/Users/adminmacpro/Desktop/Project_CSC/CSC_webDoc/src/hooks/useLogin.js","statementMap":{"0":{"start":{"line":26,"column":37},"end":{"line":26,"column":50}},"1":{"start":{"line":27,"column":33},"end":{"line":27,"column":46}},"2":{"start":{"line":28,"column":41},"end":{"line":28,"column":57}},"3":{"start":{"line":30,"column":31},"end":{"line":30,"column":47}},"4":{"start":{"line":31,"column":27},"end":{"line":31,"column":40}},"5":{"start":{"line":32,"column":39},"end":{"line":35,"column":4}},"6":{"start":{"line":38,"column":26},"end":{"line":38,"column":39}},"7":{"start":{"line":41,"column":17},"end":{"line":41,"column":56}},"8":{"start":{"line":41,"column":42},"end":{"line":41,"column":55}},"9":{"start":{"line":44,"column":32},"end":{"line":46,"column":5}},"10":{"start":{"line":45,"column":3},"end":{"line":45,"column":80}},"11":{"start":{"line":48,"column":30},"end":{"line":50,"column":5}},"12":{"start":{"line":49,"column":3},"end":{"line":49,"column":79}},"13":{"start":{"line":53,"column":34},"end":{"line":58,"column":3}},"14":{"start":{"line":54,"column":4},"end":{"line":57,"column":null}},"15":{"start":{"line":55,"column":6},"end":{"line":55,"column":25}},"16":{"start":{"line":56,"column":6},"end":{"line":56,"column":40}},"17":{"start":{"line":60,"column":23},"end":{"line":104,"column":3}},"18":{"start":{"line":61,"column":4},"end":{"line":61,"column":null}},"19":{"start":{"line":62,"column":4},"end":{"line":62,"column":null}},"20":{"start":{"line":65,"column":19},"end":{"line":65,"column":24}},"21":{"start":{"line":66,"column":27},"end":{"line":66,"column":59}},"22":{"start":{"line":68,"column":4},"end":{"line":71,"column":null}},"23":{"start":{"line":69,"column":6},"end":{"line":69,"column":null}},"24":{"start":{"line":70,"column":6},"end":{"line":70,"column":null}},"25":{"start":{"line":73,"column":4},"end":{"line":76,"column":null}},"26":{"start":{"line":74,"column":6},"end":{"line":74,"column":null}},"27":{"start":{"line":75,"column":6},"end":{"line":75,"column":null}},"28":{"start":{"line":78,"column":4},"end":{"line":81,"column":null}},"29":{"start":{"line":79,"column":6},"end":{"line":79,"column":null}},"30":{"start":{"line":80,"column":6},"end":{"line":80,"column":null}},"31":{"start":{"line":83,"column":4},"end":{"line":103,"column":null}},"32":{"start":{"line":84,"column":6},"end":{"line":84,"column":null}},"33":{"start":{"line":87,"column":23},"end":{"line":90,"column":8}},"34":{"start":{"line":93,"column":6},"end":{"line":93,"column":null}},"35":{"start":{"line":96,"column":6},"end":{"line":96,"column":null}},"36":{"start":{"line":98,"column":6},"end":{"line":98,"column":null}},"37":{"start":{"line":99,"column":6},"end":{"line":99,"column":null}},"38":{"start":{"line":100,"column":6},"end":{"line":100,"column":null}},"39":{"start":{"line":102,"column":6},"end":{"line":102,"column":null}},"40":{"start":{"line":106,"column":2},"end":{"line":119,"column":null}}},"fnMap":{"0":{"name":"useLogin","decl":{"start":{"line":25,"column":24},"end":{"line":25,"column":32}},"loc":{"start":{"line":25,"column":35},"end":{"line":120,"column":null}},"line":25},"1":{"name":"(anonymous_1)","decl":{"start":{"line":41,"column":31},"end":{"line":41,"column":32}},"loc":{"start":{"line":41,"column":42},"end":{"line":41,"column":55}},"line":41},"2":{"name":"(anonymous_2)","decl":{"start":{"line":44,"column":41},"end":{"line":44,"column":42}},"loc":{"start":{"line":45,"column":3},"end":{"line":45,"column":80}},"line":45},"3":{"name":"(anonymous_3)","decl":{"start":{"line":48,"column":39},"end":{"line":48,"column":40}},"loc":{"start":{"line":49,"column":3},"end":{"line":49,"column":79}},"line":49},"4":{"name":"(anonymous_4)","decl":{"start":{"line":53,"column":34},"end":{"line":53,"column":35}},"loc":{"start":{"line":53,"column":41},"end":{"line":58,"column":3}},"line":53},"5":{"name":"(anonymous_5)","decl":{"start":{"line":60,"column":23},"end":{"line":60,"column":28}},"loc":{"start":{"line":60,"column":35},"end":{"line":104,"column":3}},"line":60}},"branchMap":{"0":{"loc":{"start":{"line":54,"column":4},"end":{"line":57,"column":null}},"type":"if","locations":[{"start":{"line":54,"column":4},"end":{"line":57,"column":null}},{"start":{},"end":{}}],"line":54},"1":{"loc":{"start":{"line":68,"column":4},"end":{"line":71,"column":null}},"type":"if","locations":[{"start":{"line":68,"column":4},"end":{"line":71,"column":null}},{"start":{},"end":{}}],"line":68},"2":{"loc":{"start":{"line":73,"column":4},"end":{"line":76,"column":null}},"type":"if","locations":[{"start":{"line":73,"column":4},"end":{"line":76,"column":null}},{"start":{},"end":{}}],"line":73},"3":{"loc":{"start":{"line":78,"column":4},"end":{"line":81,"column":null}},"type":"if","locations":[{"start":{"line":78,"column":4},"end":{"line":81,"column":null}},{"start":{},"end":{}}],"line":78}},"s":{"0":25,"1":25,"2":25,"3":25,"4":25,"5":25,"6":25,"7":25,"8":77,"9":25,"10":13,"11":25,"12":13,"13":25,"14":2,"15":1,"16":1,"17":25,"18":5,"19":5,"20":5,"21":5,"22":5,"23":2,"24":2,"25":5,"26":1,"27":1,"28":5,"29":2,"30":2,"31":3,"32":3,"33":3,"34":2,"35":2,"36":1,"37":1,"38":1,"39":3,"40":25},"f":{"0":25,"1":77,"2":13,"3":13,"4":2,"5":5},"b":{"0":[1,1],"1":[2,3],"2":[1,4],"3":[2,3]},"meta":{"lastBranch":4,"lastFunction":6,"lastStatement":41,"seen":{"f:25:24:25:32":0,"s:26:37:26:50":0,"s:27:33:27:46":1,"s:28:41:28:57":2,"s:30:31:30:47":3,"s:31:27:31:40":4,"s:32:39:35:4":5,"s:38:26:38:39":6,"s:41:17:41:56":7,"f:41:31:41:32":1,"s:41:42:41:55":8,"s:44:32:46:5":9,"f:44:41:44:42":2,"s:45:3:45:80":10,"s:48:30:50:5":11,"f:48:39:48:40":3,"s:49:3:49:79":12,"s:53:34:58:3":13,"f:53:34:53:35":4,"b:54:4:57:Infinity:undefined:undefined:undefined:undefined":0,"s:54:4:57:Infinity":14,"s:55:6:55:25":15,"s:56:6:56:40":16,"s:60:23:104:3":17,"f:60:23:60:28":5,"s:61:4:61:Infinity":18,"s:62:4:62:Infinity":19,"s:65:19:65:24":20,"s:66:27:66:59":21,"b:68:4:71:Infinity:undefined:undefined:undefined:undefined":1,"s:68:4:71:Infinity":22,"s:69:6:69:Infinity":23,"s:70:6:70:Infinity":24,"b:73:4:76:Infinity:undefined:undefined:undefined:undefined":2,"s:73:4:76:Infinity":25,"s:74:6:74:Infinity":26,"s:75:6:75:Infinity":27,"b:78:4:81:Infinity:undefined:undefined:undefined:undefined":3,"s:78:4:81:Infinity":28,"s:79:6:79:Infinity":29,"s:80:6:80:Infinity":30,"s:83:4:103:Infinity":31,"s:84:6:84:Infinity":32,"s:87:23:90:8":33,"s:93:6:93:Infinity":34,"s:96:6:96:Infinity":35,"s:98:6:98:Infinity":36,"s:99:6:99:Infinity":37,"s:100:6:100:Infinity":38,"s:102:6:102:Infinity":39,"s:106:2:119:Infinity":40}}}
,"/Users/adminmacpro/Desktop/Project_CSC/CSC_webDoc/src/services/createCrudService.js": {"path":"/Users/adminmacpro/Desktop/Project_CSC/CSC_webDoc/src/services/createCrudService.js","statementMap":{"0":{"start":{"line":15,"column":29},"end":{"line":25,"column":3}},"1":{"start":{"line":16,"column":16},"end":{"line":16,"column":58}},"2":{"start":{"line":17,"column":22},"end":{"line":17,"column":65}},"3":{"start":{"line":18,"column":18},"end":{"line":18,"column":47}},"4":{"start":{"line":19,"column":18},"end":{"line":19,"column":44}},"5":{"start":{"line":20,"column":4},"end":{"line":24,"column":null}},"6":{"start":{"line":27,"column":22},"end":{"line":27,"column":60}},"7":{"start":{"line":30,"column":16},"end":{"line":30,"column":69}},"8":{"start":{"line":31,"column":4},"end":{"line":33,"column":null}},"9":{"start":{"line":32,"column":6},"end":{"line":32,"column":null}},"10":{"start":{"line":34,"column":4},"end":{"line":34,"column":null}},"11":{"start":{"line":38,"column":17},"end":{"line":38,"column":79}},"12":{"start":{"line":39,"column":16},"end":{"line":39,"column":52}},"13":{"start":{"line":40,"column":4},"end":{"line":42,"column":null}},"14":{"start":{"line":41,"column":6},"end":{"line":41,"column":null}},"15":{"start":{"line":43,"column":4},"end":{"line":43,"column":null}},"16":{"start":{"line":47,"column":17},"end":{"line":47,"column":79}},"17":{"start":{"line":48,"column":16},"end":{"line":48,"column":54}},"18":{"start":{"line":49,"column":4},"end":{"line":51,"column":null}},"19":{"start":{"line":50,"column":6},"end":{"line":50,"column":null}},"20":{"start":{"line":52,"column":4},"end":{"line":52,"column":null}},"21":{"start":{"line":56,"column":16},"end":{"line":58,"column":6}},"22":{"start":{"line":59,"column":4},"end":{"line":61,"column":null}},"23":{"start":{"line":60,"column":6},"end":{"line":60,"column":null}},"24":{"start":{"line":62,"column":4},"end":{"line":62,"column":null}},"25":{"start":{"line":65,"column":2},"end":{"line":65,"column":null}}},"fnMap":{"0":{"name":"createCrudService","decl":{"start":{"line":14,"column":24},"end":{"line":14,"column":41}},"loc":{"start":{"line":14,"column":83},"end":{"line":66,"column":null}},"line":14},"1":{"name":"(anonymous_1)","decl":{"start":{"line":15,"column":29},"end":{"line":15,"column":30}},"loc":{"start":{"line":15,"column":46},"end":{"line":25,"column":3}},"line":15},"2":{"name":"getAll","decl":{"start":{"line":29,"column":17},"end":{"line":29,"column":23}},"loc":{"start":{"line":29,"column":45},"end":{"line":35,"column":null}},"line":29},"3":{"name":"create","decl":{"start":{"line":37,"column":17},"end":{"line":37,"column":23}},"loc":{"start":{"line":37,"column":33},"end":{"line":44,"column":null}},"line":37},"4":{"name":"update","decl":{"start":{"line":46,"column":17},"end":{"line":46,"column":23}},"loc":{"start":{"line":46,"column":33},"end":{"line":53,"column":null}},"line":46},"5":{"name":"remove","decl":{"start":{"line":55,"column":17},"end":{"line":55,"column":23}},"loc":{"start":{"line":55,"column":28},"end":{"line":63,"column":null}},"line":55}},"branchMap":{"0":{"loc":{"start":{"line":14,"column":72},"end":{"line":14,"column":81}},"type":"default-arg","locations":[{"start":{"line":14,"column":79},"end":{"line":14,"column":81}}],"line":14},"1":{"loc":{"start":{"line":16,"column":16},"end":{"line":16,"column":58}},"type":"binary-expr","locations":[{"start":{"line":16,"column":16},"end":{"line":16,"column":32}},{"start":{"line":16,"column":36},"end":{"line":16,"column":52}},{"start":{"line":16,"column":56},"end":{"line":16,"column":58}}],"line":16},"2":{"loc":{"start":{"line":17,"column":22},"end":{"line":17,"column":65}},"type":"cond-expr","locations":[{"start":{"line":17,"column":43},"end":{"line":17,"column":46}},{"start":{"line":17,"column":50},"end":{"line":17,"column":64}}],"line":17},"3":{"loc":{"start":{"line":17,"column":50},"end":{"line":17,"column":64}},"type":"binary-expr","locations":[{"start":{"line":17,"column":50},"end":{"line":17,"column":58}},{"start":{"line":17,"column":62},"end":{"line":17,"column":64}}],"line":17},"4":{"loc":{"start":{"line":18,"column":18},"end":{"line":18,"column":47}},"type":"binary-expr","locations":[{"start":{"line":18,"column":18},"end":{"line":18,"column":27}},{"start":{"line":18,"column":31},"end":{"line":18,"column":47}}],"line":18},"5":{"loc":{"start":{"line":19,"column":18},"end":{"line":19,"column":44}},"type":"binary-expr","locations":[{"start":{"line":19,"column":18},"end":{"line":19,"column":38}},{"start":{"line":19,"column":42},"end":{"line":19,"column":44}}],"line":19},"6":{"loc":{"start":{"line":23,"column":16},"end":{"line":23,"column":96}},"type":"binary-expr","locations":[{"start":{"line":23,"column":16},"end":{"line":23,"column":28}},{"start":{"line":23,"column":32},"end":{"line":23,"column":45}},{"start":{"line":23,"column":49},"end":{"line":23,"column":63}},{"start":{"line":23,"column":67},"end":{"line":23,"column":91}},{"start":{"line":23,"column":95},"end":{"line":23,"column":96}}],"line":23},"7":{"loc":{"start":{"line":27,"column":22},"end":{"line":27,"column":60}},"type":"binary-expr","locations":[{"start":{"line":27,"column":22},"end":{"line":27,"column":38}},{"start":{"line":27,"column":42},"end":{"line":27,"column":60}}],"line":27},"8":{"loc":{"start":{"line":29,"column":24},"end":{"line":29,"column":35}},"type":"default-arg","locations":[{"start":{"line":29,"column":33},"end":{"line":29,"column":35}}],"line":29},"9":{"loc":{"start":{"line":31,"column":4},"end":{"line":33,"column":null}},"type":"if","locations":[{"start":{"line":31,"column":4},"end":{"line":33,"column":null}},{"start":{},"end":{}}],"line":31},"10":{"loc":{"start":{"line":32,"column":22},"end":{"line":32,"column":74}},"type":"binary-expr","locations":[{"start":{"line":32,"column":22},"end":{"line":32,"column":39}},{"start":{"line":32,"column":43},"end":{"line":32,"column":74}}],"line":32},"11":{"loc":{"start":{"line":38,"column":17},"end":{"line":38,"column":79}},"type":"cond-expr","locations":[{"start":{"line":38,"column":40},"end":{"line":38,"column":69}},{"start":{"line":38,"column":72},"end":{"line":38,"column":79}}],"line":38},"12":{"loc":{"start":{"line":40,"column":4},"end":{"line":42,"column":null}},"type":"if","locations":[{"start":{"line":40,"column":4},"end":{"line":42,"column":null}},{"start":{},"end":{}}],"line":40},"13":{"loc":{"start":{"line":41,"column":22},"end":{"line":41,"column":75}},"type":"binary-expr","locations":[{"start":{"line":41,"column":22},"end":{"line":41,"column":39}},{"start":{"line":41,"column":43},"end":{"line":41,"column":75}}],"line":41},"14":{"loc":{"start":{"line":47,"column":17},"end":{"line":47,"column":79}},"type":"cond-expr","locations":[{"start":{"line":47,"column":40},"end":{"line":47,"column":69}},{"start":{"line":47,"column":72},"end":{"line":47,"column":79}}],"line":47},"15":{"loc":{"start":{"line":49,"column":4},"end":{"line":51,"column":null}},"type":"if","locations":[{"start":{"line":49,"column":4},"end":{"line":51,"column":null}},{"start":{},"end":{}}],"line":49},"16":{"loc":{"start":{"line":50,"column":22},"end":{"line":50,"column":75}},"type":"binary-expr","locations":[{"start":{"line":50,"column":22},"end":{"line":50,"column":39}},{"start":{"line":50,"column":43},"end":{"line":50,"column":75}}],"line":50},"17":{"loc":{"start":{"line":59,"column":4},"end":{"line":61,"column":null}},"type":"if","locations":[{"start":{"line":59,"column":4},"end":{"line":61,"column":null}},{"start":{},"end":{}}],"line":59},"18":{"loc":{"start":{"line":60,"column":22},"end":{"line":60,"column":75}},"type":"binary-expr","locations":[{"start":{"line":60,"column":22},"end":{"line":60,"column":39}},{"start":{"line":60,"column":43},"end":{"line":60,"column":75}}],"line":60}},"s":{"0":14,"1":3,"2":3,"3":3,"4":3,"5":3,"6":14,"7":6,"8":6,"9":2,"10":4,"11":3,"12":3,"13":3,"14":1,"15":2,"16":3,"17":3,"18":3,"19":1,"20":2,"21":2,"22":2,"23":1,"24":1,"25":14},"f":{"0":14,"1":3,"2":6,"3":3,"4":3,"5":2},"b":{"0":[14],"1":[3,0,0],"2":[1,2],"3":[2,0],"4":[3,1],"5":[3,0],"6":[3,3,3,3,0],"7":[14,13],"8":[6],"9":[2,4],"10":[2,1],"11":[1,2],"12":[1,2],"13":[1,0],"14":[1,2],"15":[1,2],"16":[1,0],"17":[1,1],"18":[1,0]},"meta":{"lastBranch":19,"lastFunction":6,"lastStatement":26,"seen":{"f:14:24:14:41":0,"b:14:79:14:81":0,"s:15:29:25:3":0,"f:15:29:15:30":1,"s:16:16:16:58":1,"b:16:16:16:32:16:36:16:52:16:56:16:58":1,"s:17:22:17:65":2,"b:17:43:17:46:17:50:17:64":2,"b:17:50:17:58:17:62:17:64":3,"s:18:18:18:47":3,"b:18:18:18:27:18:31:18:47":4,"s:19:18:19:44":4,"b:19:18:19:38:19:42:19:44":5,"s:20:4:24:Infinity":5,"b:23:16:23:28:23:32:23:45:23:49:23:63:23:67:23:91:23:95:23:96":6,"s:27:22:27:60":6,"b:27:22:27:38:27:42:27:60":7,"f:29:17:29:23":2,"b:29:33:29:35":8,"s:30:16:30:69":7,"b:31:4:33:Infinity:undefined:undefined:undefined:undefined":9,"s:31:4:33:Infinity":8,"s:32:6:32:Infinity":9,"b:32:22:32:39:32:43:32:74":10,"s:34:4:34:Infinity":10,"f:37:17:37:23":3,"s:38:17:38:79":11,"b:38:40:38:69:38:72:38:79":11,"s:39:16:39:52":12,"b:40:4:42:Infinity:undefined:undefined:undefined:undefined":12,"s:40:4:42:Infinity":13,"s:41:6:41:Infinity":14,"b:41:22:41:39:41:43:41:75":13,"s:43:4:43:Infinity":15,"f:46:17:46:23":4,"s:47:17:47:79":16,"b:47:40:47:69:47:72:47:79":14,"s:48:16:48:54":17,"b:49:4:51:Infinity:undefined:undefined:undefined:undefined":15,"s:49:4:51:Infinity":18,"s:50:6:50:Infinity":19,"b:50:22:50:39:50:43:50:75":16,"s:52:4:52:Infinity":20,"f:55:17:55:23":5,"s:56:16:58:6":21,"b:59:4:61:Infinity:undefined:undefined:undefined:undefined":17,"s:59:4:61:Infinity":22,"s:60:6:60:Infinity":23,"b:60:22:60:39:60:43:60:75":18,"s:62:4:62:Infinity":24,"s:65:2:65:Infinity":25}}}
,"/Users/adminmacpro/Desktop/Project_CSC/CSC_webDoc/src/store/authstore.js": {"path":"/Users/adminmacpro/Desktop/Project_CSC/CSC_webDoc/src/store/authstore.js","statementMap":{"0":{"start":{"line":10,"column":27},"end":{"line":40,"column":1}},"1":{"start":{"line":13,"column":21},"end":{"line":32,"column":7}},"2":{"start":{"line":17,"column":24},"end":{"line":17,"column":44}},"3":{"start":{"line":20,"column":10},"end":{"line":22,"column":null}},"4":{"start":{"line":21,"column":12},"end":{"line":21,"column":null}},"5":{"start":{"line":24,"column":41},"end":{"line":24,"column":45}},"6":{"start":{"line":25,"column":10},"end":{"line":28,"column":null}},"7":{"start":{"line":31,"column":22},"end":{"line":31,"column":54}},"8":{"start":{"line":35,"column":32},"end":{"line":35,"column":72}}},"fnMap":{"0":{"name":"(anonymous_0)","decl":{"start":{"line":13,"column":6},"end":{"line":13,"column":7}},"loc":{"start":{"line":13,"column":21},"end":{"line":32,"column":7}},"line":13},"1":{"name":"(anonymous_1)","decl":{"start":{"line":17,"column":18},"end":{"line":17,"column":19}},"loc":{"start":{"line":17,"column":24},"end":{"line":17,"column":44}},"line":17},"2":{"name":"(anonymous_2)","decl":{"start":{"line":19,"column":19},"end":{"line":19,"column":20}},"loc":{"start":{"line":19,"column":29},"end":{"line":29,"column":9}},"line":19},"3":{"name":"(anonymous_3)","decl":{"start":{"line":31,"column":16},"end":{"line":31,"column":17}},"loc":{"start":{"line":31,"column":22},"end":{"line":31,"column":54}},"line":31},"4":{"name":"(anonymous_4)","decl":{"start":{"line":35,"column":20},"end":{"line":35,"column":21}},"loc":{"start":{"line":35,"column":32},"end":{"line":35,"column":72}},"line":35}},"branchMap":{"0":{"loc":{"start":{"line":20,"column":10},"end":{"line":22,"column":null}},"type":"if","locations":[{"start":{"line":20,"column":10},"end":{"line":22,"column":null}},{"start":{},"end":{}}],"line":20},"1":{"loc":{"start":{"line":27,"column":19},"end":{"line":27,"column":32}},"type":"binary-expr","locations":[{"start":{"line":27,"column":19},"end":{"line":27,"column":24}},{"start":{"line":27,"column":28},"end":{"line":27,"column":32}}],"line":27}},"s":{"0":2,"1":2,"2":3,"3":9,"4":1,"5":8,"6":8,"7":2,"8":31},"f":{"0":2,"1":3,"2":9,"3":2,"4":31},"b":{"0":[1,8],"1":[8,1]},"meta":{"lastBranch":2,"lastFunction":5,"lastStatement":9,"seen":{"s:10:27:40:1":0,"f:13:6:13:7":0,"s:13:21:32:7":1,"f:17:18:17:19":1,"s:17:24:17:44":2,"f:19:19:19:20":2,"b:20:10:22:Infinity:undefined:undefined:undefined:undefined":0,"s:20:10:22:Infinity":3,"s:21:12:21:Infinity":4,"s:24:41:24:45":5,"s:25:10:28:Infinity":6,"b:27:19:27:24:27:28:27:32":1,"f:31:16:31:17":3,"s:31:22:31:54":7,"f:35:20:35:21":4,"s:35:32:35:72":8}}}
,"/Users/adminmacpro/Desktop/Project_CSC/CSC_webDoc/src/store/toastStore.js": {"path":"/Users/adminmacpro/Desktop/Project_CSC/CSC_webDoc/src/store/toastStore.js","statementMap":{"0":{"start":{"line":19,"column":14},"end":{"line":19,"column":15}},"1":{"start":{"line":20,"column":16},"end":{"line":20,"column":25}},"2":{"start":{"line":22,"column":28},"end":{"line":35,"column":3}},"3":{"start":{"line":22,"column":51},"end":{"line":35,"column":1}},"4":{"start":{"line":25,"column":15},"end":{"line":25,"column":24}},"5":{"start":{"line":26,"column":4},"end":{"line":26,"column":null}},"6":{"start":{"line":26,"column":16},"end":{"line":26,"column":64}},"7":{"start":{"line":27,"column":18},"end":{"line":27,"column":63}},"8":{"start":{"line":27,"column":35},"end":{"line":27,"column":52}},"9":{"start":{"line":28,"column":4},"end":{"line":28,"column":null}},"10":{"start":{"line":31,"column":18},"end":{"line":31,"column":33}},"11":{"start":{"line":32,"column":4},"end":{"line":32,"column":null}},"12":{"start":{"line":32,"column":31},"end":{"line":32,"column":51}},"13":{"start":{"line":32,"column":52},"end":{"line":32,"column":71}},"14":{"start":{"line":33,"column":4},"end":{"line":33,"column":null}},"15":{"start":{"line":33,"column":16},"end":{"line":33,"column":63}},"16":{"start":{"line":33,"column":49},"end":{"line":33,"column":60}},"17":{"start":{"line":38,"column":21},"end":{"line":42,"column":1}},"18":{"start":{"line":39,"column":25},"end":{"line":39,"column":75}},"19":{"start":{"line":40,"column":25},"end":{"line":40,"column":75}},"20":{"start":{"line":41,"column":25},"end":{"line":41,"column":75}}},"fnMap":{"0":{"name":"(anonymous_0)","decl":{"start":{"line":22,"column":36},"end":{"line":22,"column":37}},"loc":{"start":{"line":22,"column":51},"end":{"line":35,"column":1}},"line":22},"1":{"name":"(anonymous_1)","decl":{"start":{"line":24,"column":2},"end":{"line":24,"column":6}},"loc":{"start":{"line":24,"column":39},"end":{"line":29,"column":3}},"line":24},"2":{"name":"(anonymous_2)","decl":{"start":{"line":26,"column":8},"end":{"line":26,"column":9}},"loc":{"start":{"line":26,"column":16},"end":{"line":26,"column":64}},"line":26},"3":{"name":"(anonymous_3)","decl":{"start":{"line":27,"column":29},"end":{"line":27,"column":30}},"loc":{"start":{"line":27,"column":35},"end":{"line":27,"column":52}},"line":27},"4":{"name":"(anonymous_4)","decl":{"start":{"line":30,"column":2},"end":{"line":30,"column":9}},"loc":{"start":{"line":30,"column":14},"end":{"line":34,"column":3}},"line":30},"5":{"name":"(anonymous_5)","decl":{"start":{"line":33,"column":8},"end":{"line":33,"column":9}},"loc":{"start":{"line":33,"column":16},"end":{"line":33,"column":63}},"line":33},"6":{"name":"(anonymous_6)","decl":{"start":{"line":33,"column":42},"end":{"line":33,"column":43}},"loc":{"start":{"line":33,"column":49},"end":{"line":33,"column":60}},"line":33},"7":{"name":"(anonymous_7)","decl":{"start":{"line":39,"column":11},"end":{"line":39,"column":12}},"loc":{"start":{"line":39,"column":25},"end":{"line":39,"column":75}},"line":39},"8":{"name":"(anonymous_8)","decl":{"start":{"line":40,"column":11},"end":{"line":40,"column":12}},"loc":{"start":{"line":40,"column":25},"end":{"line":40,"column":75}},"line":40},"9":{"name":"(anonymous_9)","decl":{"start":{"line":41,"column":11},"end":{"line":41,"column":12}},"loc":{"start":{"line":41,"column":25},"end":{"line":41,"column":75}},"line":41}},"branchMap":{"0":{"loc":{"start":{"line":24,"column":22},"end":{"line":24,"column":37}},"type":"default-arg","locations":[{"start":{"line":24,"column":33},"end":{"line":24,"column":37}}],"line":24},"1":{"loc":{"start":{"line":32,"column":4},"end":{"line":32,"column":null}},"type":"if","locations":[{"start":{"line":32,"column":4},"end":{"line":32,"column":null}},{"start":{},"end":{}}],"line":32}},"s":{"0":2,"1":2,"2":2,"3":2,"4":9,"5":9,"6":9,"7":9,"8":1,"9":9,"10":3,"11":3,"12":2,"13":2,"14":3,"15":3,"16":2,"17":2,"18":1,"19":2,"20":1},"f":{"0":2,"1":9,"2":9,"3":1,"4":3,"5":3,"6":2,"7":1,"8":2,"9":1},"b":{"0":[9],"1":[2,1]},"meta":{"lastBranch":2,"lastFunction":10,"lastStatement":21,"seen":{"s:19:14:19:15":0,"s:20:16:20:25":1,"s:22:28:35:3":2,"f:22:36:22:37":0,"s:22:51:35:1":3,"f:24:2:24:6":1,"b:24:33:24:37":0,"s:25:15:25:24":4,"s:26:4:26:Infinity":5,"f:26:8:26:9":2,"s:26:16:26:64":6,"s:27:18:27:63":7,"f:27:29:27:30":3,"s:27:35:27:52":8,"s:28:4:28:Infinity":9,"f:30:2:30:9":4,"s:31:18:31:33":10,"b:32:4:32:Infinity:undefined:undefined:undefined:undefined":1,"s:32:4:32:Infinity":11,"s:32:31:32:51":12,"s:32:52:32:71":13,"s:33:4:33:Infinity":14,"f:33:8:33:9":5,"s:33:16:33:63":15,"f:33:42:33:43":6,"s:33:49:33:60":16,"s:38:21:42:1":17,"f:39:11:39:12":7,"s:39:25:39:75":18,"f:40:11:40:12":8,"s:40:25:40:75":19,"f:41:11:41:12":9,"s:41:25:41:75":20}}}
,"/Users/adminmacpro/Desktop/Project_CSC/CSC_webDoc/src/utils/validation.js": {"path":"/Users/adminmacpro/Desktop/Project_CSC/CSC_webDoc/src/utils/validation.js","statementMap":{"0":{"start":{"line":11,"column":2},"end":{"line":11,"column":null}},"1":{"start":{"line":21,"column":2},"end":{"line":21,"column":null}},"2":{"start":{"line":36,"column":6},"end":{"line":36,"column":13}},"3":{"start":{"line":38,"column":2},"end":{"line":50,"column":null}},"4":{"start":{"line":39,"column":24},"end":{"line":39,"column":29}},"5":{"start":{"line":42,"column":4},"end":{"line":44,"column":null}},"6":{"start":{"line":43,"column":6},"end":{"line":43,"column":null}},"7":{"start":{"line":47,"column":4},"end":{"line":49,"column":null}},"8":{"start":{"line":48,"column":6},"end":{"line":48,"column":null}},"9":{"start":{"line":60,"column":2},"end":{"line":60,"column":null}}},"fnMap":{"0":{"name":"sanitizeAlphanumeric","decl":{"start":{"line":10,"column":16},"end":{"line":10,"column":36}},"loc":{"start":{"line":10,"column":44},"end":{"line":12,"column":null}},"line":10},"1":{"name":"validateLength","decl":{"start":{"line":20,"column":16},"end":{"line":20,"column":30}},"loc":{"start":{"line":20,"column":49},"end":{"line":22,"column":null}},"line":20},"2":{"name":"createInputHandler","decl":{"start":{"line":32,"column":16},"end":{"line":32,"column":34}},"loc":{"start":{"line":32,"column":59},"end":{"line":51,"column":null}},"line":32},"3":{"name":"(anonymous_3)","decl":{"start":{"line":38,"column":9},"end":{"line":38,"column":10}},"loc":{"start":{"line":38,"column":20},"end":{"line":50,"column":3}},"line":38},"4":{"name":"validateRequired","decl":{"start":{"line":59,"column":16},"end":{"line":59,"column":32}},"loc":{"start":{"line":59,"column":54},"end":{"line":61,"column":null}},"line":59}},"branchMap":{"0":{"loc":{"start":{"line":32,"column":45},"end":{"line":32,"column":57}},"type":"default-arg","locations":[{"start":{"line":32,"column":55},"end":{"line":32,"column":57}}],"line":32},"1":{"loc":{"start":{"line":34,"column":4},"end":{"line":34,"column":18}},"type":"default-arg","locations":[{"start":{"line":34,"column":16},"end":{"line":34,"column":18}}],"line":34},"2":{"loc":{"start":{"line":35,"column":4},"end":{"line":35,"column":27}},"type":"default-arg","locations":[{"start":{"line":35,"column":23},"end":{"line":35,"column":27}}],"line":35},"3":{"loc":{"start":{"line":42,"column":4},"end":{"line":44,"column":null}},"type":"if","locations":[{"start":{"line":42,"column":4},"end":{"line":44,"column":null}},{"start":{},"end":{}}],"line":42},"4":{"loc":{"start":{"line":47,"column":4},"end":{"line":49,"column":null}},"type":"if","locations":[{"start":{"line":47,"column":4},"end":{"line":49,"column":null}},{"start":{},"end":{}}],"line":47},"5":{"loc":{"start":{"line":60,"column":9},"end":{"line":60,"column":42}},"type":"cond-expr","locations":[{"start":{"line":60,"column":25},"end":{"line":60,"column":37}},{"start":{"line":60,"column":40},"end":{"line":60,"column":42}}],"line":60}},"s":{"0":12,"1":21,"2":30,"3":30,"4":15,"5":15,"6":7,"7":15,"8":12,"9":3},"f":{"0":12,"1":21,"2":30,"3":15,"4":3},"b":{"0":[30],"1":[30],"2":[30],"3":[7,8],"4":[12,3],"5":[2,1]},"meta":{"lastBranch":6,"lastFunction":5,"lastStatement":10,"seen":{"f:10:16:10:36":0,"s:11:2:11:Infinity":0,"f:20:16:20:30":1,"s:21:2:21:Infinity":1,"f:32:16:32:34":2,"b:32:55:32:57":0,"s:36:6:36:13":2,"b:34:16:34:18":1,"b:35:23:35:27":2,"s:38:2:50:Infinity":3,"f:38:9:38:10":3,"s:39:24:39:29":4,"b:42:4:44:Infinity:undefined:undefined:undefined:undefined":3,"s:42:4:44:Infinity":5,"s:43:6:43:Infinity":6,"b:47:4:49:Infinity:undefined:undefined:undefined:undefined":4,"s:47:4:49:Infinity":7,"s:48:6:48:Infinity":8,"f:59:16:59:32":4,"s:60:2:60:Infinity":9,"b:60:25:60:37:60:40:60:42":5}}}
}
